<?xml version="1.0" encoding="UTF-8"?>
<testsuite name="net.kearos.demomon.micronaut.hello.controller.HelloControllerSpec" tests="1" skipped="0" failures="0" errors="0" timestamp="2019-03-21T11:04:07" hostname="Euros" time="0.273">
  <properties/>
  <testcase name="test /hello responds Hello World" classname="net.kearos.demomon.micronaut.hello.controller.HelloControllerSpec" time="0.273"/>
  <system-out><![CDATA[12:04:07.593 [multithreadEventLoopGroup-3-2] DEBUG io.netty.buffer.AbstractByteBuf - -Dio.netty.buffer.checkAccessible: true
12:04:07.593 [multithreadEventLoopGroup-3-2] DEBUG io.netty.buffer.AbstractByteBuf - -Dio.netty.buffer.checkBounds: true
12:04:07.595 [multithreadEventLoopGroup-3-2] DEBUG i.n.util.ResourceLeakDetectorFactory - Loaded default ResourceLeakDetector: io.netty.util.ResourceLeakDetector@6cfc1880
12:04:07.620 [multithreadEventLoopGroup-3-2] DEBUG i.m.http.client.DefaultHttpClient - Sending HTTP Request: GET /hello
12:04:07.620 [multithreadEventLoopGroup-3-2] DEBUG i.m.http.client.DefaultHttpClient - Chosen Server: localhost(5768)
12:04:07.622 [multithreadEventLoopGroup-3-2] TRACE i.m.http.client.DefaultHttpClient - host: localhost:5768
12:04:07.622 [multithreadEventLoopGroup-3-2] TRACE i.m.http.client.DefaultHttpClient - connection: close
12:04:07.631 [multithreadEventLoopGroup-3-2] DEBUG io.netty.util.Recycler - -Dio.netty.recycler.maxCapacityPerThread: 4096
12:04:07.631 [multithreadEventLoopGroup-3-2] DEBUG io.netty.util.Recycler - -Dio.netty.recycler.maxSharedCapacityFactor: 2
12:04:07.631 [multithreadEventLoopGroup-3-2] DEBUG io.netty.util.Recycler - -Dio.netty.recycler.linkCapacity: 16
12:04:07.631 [multithreadEventLoopGroup-3-2] DEBUG io.netty.util.Recycler - -Dio.netty.recycler.ratio: 8
12:04:07.671 [nioEventLoopGroup-1-2] DEBUG i.m.h.server.netty.NettyHttpServer - Server localhost:5768 Received Request: GET /hello
12:04:07.676 [nioEventLoopGroup-1-2] DEBUG i.m.h.s.netty.RoutingInBoundHandler - Matching route GET - /hello
12:04:07.684 [nioEventLoopGroup-1-2] DEBUG i.m.h.s.netty.RoutingInBoundHandler - Matched route GET - /hello to controller class net.kearos.demomon.micronaut.hello.controller.$HelloControllerDefinition$Intercepted
12:04:07.694 [nioEventLoopGroup-1-2] TRACE i.m.context.DefaultBeanContext - Looking up existing bean for key: io.micronaut.management.endpoint.EndpointsFilter
12:04:07.694 [nioEventLoopGroup-1-2] TRACE i.m.context.DefaultBeanContext - No existing bean found for bean key: io.micronaut.management.endpoint.EndpointsFilter
12:04:07.694 [nioEventLoopGroup-1-2] DEBUG i.m.context.DefaultBeanContext - Finding candidate beans for type: class io.micronaut.management.endpoint.EndpointsFilter
12:04:07.694 [nioEventLoopGroup-1-2] DEBUG i.m.context.DefaultBeanContext - Resolved bean candidates [Definition: io.micronaut.management.endpoint.EndpointsFilter] for type: class io.micronaut.management.endpoint.EndpointsFilter
12:04:07.694 [nioEventLoopGroup-1-2] DEBUG i.m.context.DefaultBeanContext - Finalized bean definitions candidates: [Definition: io.micronaut.management.endpoint.EndpointsFilter]
12:04:07.694 [nioEventLoopGroup-1-2] DEBUG i.m.context.DefaultBeanContext - Found concrete candidate [Definition: io.micronaut.management.endpoint.EndpointsFilter] for type: io.micronaut.management.endpoint.EndpointsFilter 
12:04:07.695 [nioEventLoopGroup-1-2] TRACE i.m.context.DefaultBeanContext - Looking up existing bean for key: io.micronaut.management.endpoint.EndpointSensitivityProcessor
12:04:07.695 [nioEventLoopGroup-1-2] TRACE i.m.context.DefaultBeanContext - No existing bean found for bean key: io.micronaut.management.endpoint.EndpointSensitivityProcessor
12:04:07.695 [nioEventLoopGroup-1-2] DEBUG i.m.context.DefaultBeanContext - Finding candidate beans for type: class io.micronaut.management.endpoint.EndpointSensitivityProcessor
12:04:07.695 [nioEventLoopGroup-1-2] DEBUG i.m.context.DefaultBeanContext - Resolved bean candidates [Definition: io.micronaut.management.endpoint.EndpointSensitivityProcessor] for type: class io.micronaut.management.endpoint.EndpointSensitivityProcessor
12:04:07.695 [nioEventLoopGroup-1-2] DEBUG i.m.context.DefaultBeanContext - Finalized bean definitions candidates: [Definition: io.micronaut.management.endpoint.EndpointSensitivityProcessor]
12:04:07.695 [nioEventLoopGroup-1-2] DEBUG i.m.context.DefaultBeanContext - Found concrete candidate [Definition: io.micronaut.management.endpoint.EndpointSensitivityProcessor] for type: io.micronaut.management.endpoint.EndpointSensitivityProcessor 
12:04:07.696 [nioEventLoopGroup-1-2] DEBUG i.m.context.DefaultBeanContext - Resolving beans for type: io.micronaut.management.endpoint.EndpointConfiguration
12:04:07.696 [nioEventLoopGroup-1-2] TRACE i.m.context.DefaultBeanContext - Looking up existing beans for key: io.micronaut.management.endpoint.EndpointConfiguration
12:04:07.696 [nioEventLoopGroup-1-2] TRACE i.m.context.DefaultBeanContext - No beans found for key: io.micronaut.management.endpoint.EndpointConfiguration
12:04:07.696 [nioEventLoopGroup-1-2] DEBUG i.m.context.DefaultBeanContext - Finding candidate beans for type: class io.micronaut.management.endpoint.EndpointConfiguration
12:04:07.697 [nioEventLoopGroup-1-2] DEBUG i.m.context.DefaultBeanContext - Resolved bean candidates [Definition: io.micronaut.management.endpoint.EndpointConfiguration] for type: class io.micronaut.management.endpoint.EndpointConfiguration
12:04:07.697 [nioEventLoopGroup-1-2] DEBUG i.m.context.DefaultBeanContext - Finalized bean definitions candidates: [Definition: io.micronaut.management.endpoint.EndpointConfiguration, Definition: io.micronaut.management.endpoint.EndpointConfiguration]
12:04:07.697 [nioEventLoopGroup-1-2] TRACE i.m.context.DefaultBeanContext - Looking up existing bean for key: io.micronaut.management.endpoint.EndpointDefaultConfiguration
12:04:07.697 [nioEventLoopGroup-1-2] DEBUG i.m.context.DefaultBeanContext - Resolved existing bean [io.micronaut.management.endpoint.EndpointDefaultConfiguration@1651969f] for type [class io.micronaut.management.endpoint.EndpointDefaultConfiguration] and qualifier [null]
12:04:07.698 [nioEventLoopGroup-1-2] TRACE i.m.c.e.PropertySourcePropertyResolver - Resolved value [false] for property: endpoints.info.sensitive
12:04:07.698 [nioEventLoopGroup-1-2] DEBUG i.m.context.DefaultBeanContext - Created bean [io.micronaut.management.endpoint.EndpointConfiguration@1e7d62f3] from definition [Definition: io.micronaut.management.endpoint.EndpointConfiguration] with qualifier [null]
12:04:07.698 [nioEventLoopGroup-1-2] DEBUG i.m.context.DefaultBeanContext - Registering singleton bean io.micronaut.management.endpoint.EndpointConfiguration@1e7d62f3 for type [@Named('info') io.micronaut.management.endpoint.EndpointConfiguration] using bean key @Named('info') io.micronaut.management.endpoint.EndpointConfiguration
12:04:07.698 [nioEventLoopGroup-1-2] TRACE i.m.context.DefaultBeanContext - Looking up existing bean for key: io.micronaut.management.endpoint.EndpointDefaultConfiguration
12:04:07.698 [nioEventLoopGroup-1-2] DEBUG i.m.context.DefaultBeanContext - Resolved existing bean [io.micronaut.management.endpoint.EndpointDefaultConfiguration@1651969f] for type [class io.micronaut.management.endpoint.EndpointDefaultConfiguration] and qualifier [null]
12:04:07.698 [nioEventLoopGroup-1-2] TRACE i.m.c.e.PropertySourcePropertyResolver - Resolved value [false] for property: endpoints.health.sensitive
12:04:07.699 [nioEventLoopGroup-1-2] DEBUG i.m.context.DefaultBeanContext - Created bean [io.micronaut.management.endpoint.EndpointConfiguration@2892b69c] from definition [Definition: io.micronaut.management.endpoint.EndpointConfiguration] with qualifier [null]
12:04:07.699 [nioEventLoopGroup-1-2] DEBUG i.m.context.DefaultBeanContext - Registering singleton bean io.micronaut.management.endpoint.EndpointConfiguration@2892b69c for type [@Named('health') io.micronaut.management.endpoint.EndpointConfiguration] using bean key @Named('health') io.micronaut.management.endpoint.EndpointConfiguration
12:04:07.699 [nioEventLoopGroup-1-2] DEBUG i.m.context.DefaultBeanContext - Found 2 beans for type [io.micronaut.management.endpoint.EndpointConfiguration]: [io.micronaut.management.endpoint.EndpointConfiguration@1e7d62f3, io.micronaut.management.endpoint.EndpointConfiguration@2892b69c] 
12:04:07.699 [nioEventLoopGroup-1-2] TRACE i.m.context.DefaultBeanContext - Looking up existing bean for key: io.micronaut.management.endpoint.EndpointDefaultConfiguration
12:04:07.699 [nioEventLoopGroup-1-2] DEBUG i.m.context.DefaultBeanContext - Resolved existing bean [io.micronaut.management.endpoint.EndpointDefaultConfiguration@1651969f] for type [class io.micronaut.management.endpoint.EndpointDefaultConfiguration] and qualifier [null]
12:04:07.699 [nioEventLoopGroup-1-2] DEBUG i.m.context.DefaultBeanContext - Finding candidate beans for qualifier: @Endpoint
12:04:07.701 [nioEventLoopGroup-1-2] DEBUG i.m.context.condition.Condition - Bean [Definition: io.micronaut.management.endpoint.stop.ServerStopEndpoint] will not be loaded due to failing conditions:
12:04:07.701 [nioEventLoopGroup-1-2] DEBUG i.m.context.condition.Condition - * Custom condition [class io.micronaut.management.endpoint.EndpointEnabledCondition] failed evaluation
12:04:07.703 [nioEventLoopGroup-1-2] DEBUG i.m.context.DefaultBeanContext - Created bean [io.micronaut.management.endpoint.EndpointSensitivityProcessor@17335ee1] from definition [Definition: io.micronaut.management.endpoint.EndpointSensitivityProcessor] with qualifier [null]
12:04:07.703 [nioEventLoopGroup-1-2] DEBUG i.m.context.DefaultBeanContext - Registering singleton bean io.micronaut.management.endpoint.EndpointSensitivityProcessor@17335ee1 for type [io.micronaut.management.endpoint.EndpointSensitivityProcessor] using bean key io.micronaut.management.endpoint.EndpointSensitivityProcessor
12:04:07.703 [nioEventLoopGroup-1-2] DEBUG i.m.context.DefaultBeanContext - Created bean [io.micronaut.management.endpoint.EndpointsFilter@3d5e52b2] from definition [Definition: io.micronaut.management.endpoint.EndpointsFilter] with qualifier [null]
12:04:07.703 [nioEventLoopGroup-1-2] DEBUG i.m.context.DefaultBeanContext - Registering singleton bean io.micronaut.management.endpoint.EndpointsFilter@3d5e52b2 for type [io.micronaut.management.endpoint.EndpointsFilter] using bean key io.micronaut.management.endpoint.EndpointsFilter
12:04:07.704 [nioEventLoopGroup-1-2] TRACE i.m.context.DefaultBeanContext - Looking up existing bean for key: io.micronaut.http.server.context.ServerRequestContextFilter
12:04:07.704 [nioEventLoopGroup-1-2] TRACE i.m.context.DefaultBeanContext - No existing bean found for bean key: io.micronaut.http.server.context.ServerRequestContextFilter
12:04:07.704 [nioEventLoopGroup-1-2] DEBUG i.m.context.DefaultBeanContext - Finding candidate beans for type: class io.micronaut.http.server.context.ServerRequestContextFilter
12:04:07.705 [nioEventLoopGroup-1-2] DEBUG i.m.context.DefaultBeanContext - Resolved bean candidates [Definition: io.micronaut.http.server.context.ServerRequestContextFilter] for type: class io.micronaut.http.server.context.ServerRequestContextFilter
12:04:07.705 [nioEventLoopGroup-1-2] DEBUG i.m.context.DefaultBeanContext - Finalized bean definitions candidates: [Definition: io.micronaut.http.server.context.ServerRequestContextFilter]
12:04:07.705 [nioEventLoopGroup-1-2] DEBUG i.m.context.DefaultBeanContext - Found concrete candidate [Definition: io.micronaut.http.server.context.ServerRequestContextFilter] for type: io.micronaut.http.server.context.ServerRequestContextFilter 
12:04:07.705 [nioEventLoopGroup-1-2] DEBUG i.m.context.DefaultBeanContext - Created bean [io.micronaut.http.server.context.ServerRequestContextFilter@56d24bbf] from definition [Definition: io.micronaut.http.server.context.ServerRequestContextFilter] with qualifier [null]
12:04:07.705 [nioEventLoopGroup-1-2] DEBUG i.m.context.DefaultBeanContext - Registering singleton bean io.micronaut.http.server.context.ServerRequestContextFilter@56d24bbf for type [io.micronaut.http.server.context.ServerRequestContextFilter] using bean key io.micronaut.http.server.context.ServerRequestContextFilter
12:04:07.713 [pool-1-thread-3] TRACE i.m.context.DefaultBeanContext - Looking up existing bean for key: net.kearos.demomon.micronaut.hello.controller.$HelloControllerDefinition$Intercepted
12:04:07.713 [pool-1-thread-3] TRACE i.m.context.DefaultBeanContext - No existing bean found for bean key: net.kearos.demomon.micronaut.hello.controller.$HelloControllerDefinition$Intercepted
12:04:07.713 [pool-1-thread-3] DEBUG i.m.context.DefaultBeanContext - Finding candidate beans for type: class net.kearos.demomon.micronaut.hello.controller.$HelloControllerDefinition$Intercepted
12:04:07.714 [pool-1-thread-3] DEBUG i.m.context.DefaultBeanContext - Resolved bean candidates [Definition: net.kearos.demomon.micronaut.hello.controller.$HelloControllerDefinition$Intercepted] for type: class net.kearos.demomon.micronaut.hello.controller.$HelloControllerDefinition$Intercepted
12:04:07.714 [pool-1-thread-3] DEBUG i.m.context.DefaultBeanContext - Finalized bean definitions candidates: [Definition: net.kearos.demomon.micronaut.hello.controller.$HelloControllerDefinition$Intercepted]
12:04:07.714 [pool-1-thread-3] DEBUG i.m.context.DefaultBeanContext - Found concrete candidate [Definition: net.kearos.demomon.micronaut.hello.controller.$HelloControllerDefinition$Intercepted] for type: net.kearos.demomon.micronaut.hello.controller.$HelloControllerDefinition$Intercepted 
12:04:07.722 [pool-1-thread-3] DEBUG i.m.context.DefaultBeanContext - Resolving beans for type: <TraceInterceptor> io.micronaut.aop.Interceptor 
12:04:07.722 [pool-1-thread-3] TRACE i.m.context.DefaultBeanContext - Looking up existing beans for key: <TraceInterceptor> io.micronaut.aop.Interceptor
12:04:07.723 [pool-1-thread-3] TRACE i.m.context.DefaultBeanContext - No beans found for key: <TraceInterceptor> io.micronaut.aop.Interceptor
12:04:07.723 [pool-1-thread-3] DEBUG i.m.context.DefaultBeanContext - Finding candidate beans for type: interface io.micronaut.aop.Interceptor
12:04:07.727 [pool-1-thread-3] DEBUG i.m.context.DefaultBeanContext - Resolved bean candidates [Definition: io.micronaut.tracing.interceptor.TraceInterceptor, Definition: io.micronaut.http.client.interceptor.HttpClientIntroductionAdvice, Definition: io.micronaut.cache.interceptor.CacheInterceptor, Definition: io.micronaut.scheduling.async.AsyncInterceptor, Definition: io.micronaut.retry.intercept.RecoveryInterceptor, Definition: io.micronaut.retry.intercept.DefaultRetryInterceptor, Definition: io.micronaut.runtime.context.scope.refresh.RefreshInterceptor, Definition: io.micronaut.websocket.interceptor.ClientWebSocketInterceptor] for type: interface io.micronaut.aop.Interceptor
12:04:07.727 [pool-1-thread-3] DEBUG i.m.context.DefaultBeanContext - Finalized bean definitions candidates: [Definition: io.micronaut.tracing.interceptor.TraceInterceptor, Definition: io.micronaut.http.client.interceptor.HttpClientIntroductionAdvice, Definition: io.micronaut.cache.interceptor.CacheInterceptor, Definition: io.micronaut.scheduling.async.AsyncInterceptor, Definition: io.micronaut.retry.intercept.RecoveryInterceptor, Definition: io.micronaut.retry.intercept.DefaultRetryInterceptor, Definition: io.micronaut.runtime.context.scope.refresh.RefreshInterceptor, Definition: io.micronaut.websocket.interceptor.ClientWebSocketInterceptor]
12:04:07.727 [pool-1-thread-3] DEBUG i.m.context.DefaultBeanContext - Qualifying bean [io.micronaut.aop.Interceptor] from candidates [Definition: io.micronaut.tracing.interceptor.TraceInterceptor, Definition: io.micronaut.http.client.interceptor.HttpClientIntroductionAdvice, Definition: io.micronaut.cache.interceptor.CacheInterceptor, Definition: io.micronaut.scheduling.async.AsyncInterceptor, Definition: io.micronaut.retry.intercept.RecoveryInterceptor, Definition: io.micronaut.retry.intercept.DefaultRetryInterceptor, Definition: io.micronaut.runtime.context.scope.refresh.RefreshInterceptor, Definition: io.micronaut.websocket.interceptor.ClientWebSocketInterceptor] for qualifier: <TraceInterceptor> 
12:04:07.728 [pool-1-thread-3] TRACE i.m.context.DefaultBeanContext - Looking up existing bean for key: io.opentracing.Tracer
12:04:07.729 [pool-1-thread-3] DEBUG i.m.context.DefaultBeanContext - Resolved existing bean [NoopTracer] for type [interface io.opentracing.Tracer] and qualifier [null]
12:04:07.729 [pool-1-thread-3] TRACE i.m.context.DefaultBeanContext - Looking up existing bean for key: io.micronaut.core.convert.ConversionService
12:04:07.729 [pool-1-thread-3] TRACE i.m.context.DefaultBeanContext - No existing bean found for bean key: io.micronaut.core.convert.ConversionService
12:04:07.729 [pool-1-thread-3] DEBUG i.m.context.DefaultBeanContext - Registering singleton bean io.micronaut.context.DefaultApplicationContext$RuntimeConfiguredEnvironment@6134960c for type [io.micronaut.core.convert.ConversionService] using bean key io.micronaut.context.env.Environment
12:04:07.729 [pool-1-thread-3] DEBUG i.m.context.DefaultBeanContext - Registering singleton bean io.micronaut.context.DefaultApplicationContext$RuntimeConfiguredEnvironment@6134960c for type [io.micronaut.core.convert.ConversionService] using bean key io.micronaut.context.env.Environment
12:04:07.729 [pool-1-thread-3] DEBUG i.m.context.DefaultBeanContext - Created bean [io.micronaut.tracing.interceptor.TraceInterceptor@3b883e2c] from definition [Definition: io.micronaut.tracing.interceptor.TraceInterceptor] with qualifier [<TraceInterceptor>]
12:04:07.729 [pool-1-thread-3] DEBUG i.m.context.DefaultBeanContext - Registering singleton bean io.micronaut.tracing.interceptor.TraceInterceptor@3b883e2c for type [<TraceInterceptor> io.micronaut.aop.Interceptor] using bean key <TraceInterceptor> io.micronaut.tracing.interceptor.TraceInterceptor
12:04:07.730 [pool-1-thread-3] DEBUG i.m.context.DefaultBeanContext - Found 1 beans for type [<TraceInterceptor> io.micronaut.aop.Interceptor]: [io.micronaut.tracing.interceptor.TraceInterceptor@3b883e2c] 
12:04:07.734 [pool-1-thread-3] DEBUG i.m.context.DefaultBeanContext - Created bean [net.kearos.demomon.micronaut.hello.controller.$HelloControllerDefinition$Intercepted@7a8c0695] from definition [Definition: net.kearos.demomon.micronaut.hello.controller.$HelloControllerDefinition$Intercepted] with qualifier [null]
12:04:07.734 [pool-1-thread-3] DEBUG i.m.context.DefaultBeanContext - Registering singleton bean net.kearos.demomon.micronaut.hello.controller.$HelloControllerDefinition$Intercepted@7a8c0695 for type [net.kearos.demomon.micronaut.hello.controller.$HelloControllerDefinition$Intercepted] using bean key net.kearos.demomon.micronaut.hello.controller.$HelloControllerDefinition$Intercepted
12:04:07.734 [pool-1-thread-3] TRACE i.m.aop.chain.InterceptorChain - Intercepted method [String index()] invocation on target: net.kearos.demomon.micronaut.hello.controller.$HelloControllerDefinition$Intercepted@7a8c0695
12:04:07.734 [pool-1-thread-3] TRACE i.m.aop.chain.InterceptorChain - Proceeded to next interceptor [io.micronaut.tracing.interceptor.TraceInterceptor@3b883e2c] in chain for method invocation: String index()
12:04:07.735 [pool-1-thread-3] TRACE i.m.aop.chain.InterceptorChain - Proceeded to next interceptor [io.micronaut.aop.chain.InterceptorChain$$Lambda$576/0x000000080085a840@4033560a] in chain for method invocation: String index()
12:04:07.757 [pool-1-thread-3] DEBUG i.m.h.s.netty.RoutingInBoundHandler - Encoding emitted response object [Hello World!] using codec: io.micronaut.runtime.http.codec.TextPlainCodec@42907731
12:04:07.785 [multithreadEventLoopGroup-3-2] TRACE i.m.http.client.DefaultHttpClient - HTTP Client Response Received for Request: GET http://localhost:5768/hello
12:04:07.785 [multithreadEventLoopGroup-3-2] TRACE i.m.http.client.DefaultHttpClient - Status Code: 200 OK
12:04:07.785 [multithreadEventLoopGroup-3-2] TRACE i.m.http.client.DefaultHttpClient - Date: Thu, 21 Mar 2019 12:04:07 GMT
12:04:07.785 [multithreadEventLoopGroup-3-2] TRACE i.m.http.client.DefaultHttpClient - content-type: text/plain
12:04:07.785 [multithreadEventLoopGroup-3-2] TRACE i.m.http.client.DefaultHttpClient - content-length: 12
12:04:07.785 [multithreadEventLoopGroup-3-2] TRACE i.m.http.client.DefaultHttpClient - connection: close
12:04:07.786 [multithreadEventLoopGroup-3-2] TRACE i.m.http.client.DefaultHttpClient - Response Body
12:04:07.786 [multithreadEventLoopGroup-3-2] TRACE i.m.http.client.DefaultHttpClient - ----
12:04:07.786 [multithreadEventLoopGroup-3-2] TRACE i.m.http.client.DefaultHttpClient - Hello World!
12:04:07.786 [multithreadEventLoopGroup-3-2] TRACE i.m.http.client.DefaultHttpClient - ----
12:04:07.802 [multithreadEventLoopGroup-3-2] DEBUG io.netty.buffer.PoolThreadCache - Freed 2 thread-local buffer(s) from thread: multithreadEventLoopGroup-3-2
12:04:07.912 [Test worker] DEBUG i.m.c.e.ApplicationEventPublisher - Publishing event: io.micronaut.runtime.server.event.ServerShutdownEvent[source=io.micronaut.http.server.netty.NettyHttpServer@5e09b2e7]
12:04:07.912 [Test worker] DEBUG i.m.context.DefaultBeanContext - Resolving beans for type: <ServerShutdownEvent> io.micronaut.context.event.ApplicationEventListener 
12:04:07.912 [Test worker] TRACE i.m.context.DefaultBeanContext - Looking up existing beans for key: <ServerShutdownEvent> io.micronaut.context.event.ApplicationEventListener
12:04:07.912 [Test worker] TRACE i.m.context.DefaultBeanContext - No beans found for key: <ServerShutdownEvent> io.micronaut.context.event.ApplicationEventListener
12:04:07.912 [Test worker] TRACE i.m.i.q.TypeArgumentQualifier - Bean type interface io.micronaut.context.event.ApplicationEventListener is not compatible with candidate generic types [class io.micronaut.discovery.event.ServiceStartedEvent] of candidate Definition: io.micronaut.health.HeartbeatTask
12:04:07.912 [Test worker] TRACE i.m.context.DefaultBeanContext - Existing bean io.micronaut.health.HeartbeatTask@3204ae08 does not match qualifier <ServerShutdownEvent> for type io.micronaut.context.event.ApplicationEventListener
12:04:07.913 [Test worker] TRACE i.m.i.q.TypeArgumentQualifier - Bean type interface io.micronaut.context.event.ApplicationEventListener is not compatible with candidate generic types [class io.micronaut.discovery.event.ServiceStartedEvent] of candidate Definition: io.micronaut.health.HeartbeatTask
12:04:07.913 [Test worker] TRACE i.m.context.DefaultBeanContext - Existing bean io.micronaut.health.HeartbeatTask@3204ae08 does not match qualifier <ServerShutdownEvent> for type io.micronaut.context.event.ApplicationEventListener
12:04:07.913 [Test worker] DEBUG i.m.context.DefaultBeanContext - Qualifying bean [io.micronaut.context.event.ApplicationEventListener] from candidates [Definition: io.micronaut.http.client.scope.ClientScope, Definition: io.micronaut.health.HeartbeatTask, Definition: io.micronaut.runtime.context.scope.refresh.RefreshScope] for qualifier: <ServerShutdownEvent> 
12:04:07.913 [Test worker] TRACE i.m.i.q.TypeArgumentQualifier - Bean type interface io.micronaut.context.event.ApplicationEventListener is not compatible with candidate generic types [class io.micronaut.runtime.context.scope.refresh.RefreshEvent] of candidate Definition: io.micronaut.http.client.scope.ClientScope
12:04:07.913 [Test worker] TRACE i.m.i.q.TypeArgumentQualifier - Bean type interface io.micronaut.context.event.ApplicationEventListener is not compatible with candidate generic types [class io.micronaut.discovery.event.ServiceStartedEvent] of candidate Definition: io.micronaut.health.HeartbeatTask
12:04:07.913 [Test worker] TRACE i.m.i.q.TypeArgumentQualifier - Bean type interface io.micronaut.context.event.ApplicationEventListener is not compatible with candidate generic types [class io.micronaut.runtime.context.scope.refresh.RefreshEvent] of candidate Definition: io.micronaut.runtime.context.scope.refresh.RefreshScope
12:04:07.913 [Test worker] DEBUG i.m.context.DefaultBeanContext - Found no matching beans of type [io.micronaut.context.event.ApplicationEventListener] for qualifier: <ServerShutdownEvent> 
12:04:07.913 [Test worker] DEBUG i.m.c.e.ApplicationEventPublisher - Publishing event: io.micronaut.discovery.event.ServiceShutdownEvent[source=io.micronaut.http.server.netty.NettyEmbeddedServerInstance@c286bcf]
12:04:07.913 [Test worker] DEBUG i.m.context.DefaultBeanContext - Resolving beans for type: <ServiceShutdownEvent> io.micronaut.context.event.ApplicationEventListener 
12:04:07.914 [Test worker] TRACE i.m.context.DefaultBeanContext - Looking up existing beans for key: <ServiceShutdownEvent> io.micronaut.context.event.ApplicationEventListener
12:04:07.914 [Test worker] TRACE i.m.context.DefaultBeanContext - No beans found for key: <ServiceShutdownEvent> io.micronaut.context.event.ApplicationEventListener
12:04:07.914 [Test worker] TRACE i.m.i.q.TypeArgumentQualifier - Bean type interface io.micronaut.context.event.ApplicationEventListener is not compatible with candidate generic types [class io.micronaut.discovery.event.ServiceStartedEvent] of candidate Definition: io.micronaut.health.HeartbeatTask
12:04:07.914 [Test worker] TRACE i.m.context.DefaultBeanContext - Existing bean io.micronaut.health.HeartbeatTask@3204ae08 does not match qualifier <ServiceShutdownEvent> for type io.micronaut.context.event.ApplicationEventListener
12:04:07.914 [Test worker] TRACE i.m.i.q.TypeArgumentQualifier - Bean type interface io.micronaut.context.event.ApplicationEventListener is not compatible with candidate generic types [class io.micronaut.discovery.event.ServiceStartedEvent] of candidate Definition: io.micronaut.health.HeartbeatTask
12:04:07.914 [Test worker] TRACE i.m.context.DefaultBeanContext - Existing bean io.micronaut.health.HeartbeatTask@3204ae08 does not match qualifier <ServiceShutdownEvent> for type io.micronaut.context.event.ApplicationEventListener
12:04:07.914 [Test worker] DEBUG i.m.context.DefaultBeanContext - Qualifying bean [io.micronaut.context.event.ApplicationEventListener] from candidates [Definition: io.micronaut.http.client.scope.ClientScope, Definition: io.micronaut.health.HeartbeatTask, Definition: io.micronaut.runtime.context.scope.refresh.RefreshScope] for qualifier: <ServiceShutdownEvent> 
12:04:07.914 [Test worker] TRACE i.m.i.q.TypeArgumentQualifier - Bean type interface io.micronaut.context.event.ApplicationEventListener is not compatible with candidate generic types [class io.micronaut.runtime.context.scope.refresh.RefreshEvent] of candidate Definition: io.micronaut.http.client.scope.ClientScope
12:04:07.914 [Test worker] TRACE i.m.i.q.TypeArgumentQualifier - Bean type interface io.micronaut.context.event.ApplicationEventListener is not compatible with candidate generic types [class io.micronaut.discovery.event.ServiceStartedEvent] of candidate Definition: io.micronaut.health.HeartbeatTask
12:04:07.914 [Test worker] TRACE i.m.i.q.TypeArgumentQualifier - Bean type interface io.micronaut.context.event.ApplicationEventListener is not compatible with candidate generic types [class io.micronaut.runtime.context.scope.refresh.RefreshEvent] of candidate Definition: io.micronaut.runtime.context.scope.refresh.RefreshScope
12:04:07.914 [Test worker] DEBUG i.m.context.DefaultBeanContext - Found no matching beans of type [io.micronaut.context.event.ApplicationEventListener] for qualifier: <ServiceShutdownEvent> 
12:04:07.914 [Test worker] DEBUG i.m.context.DefaultBeanContext - Stopping BeanContext
12:04:07.915 [Test worker] DEBUG i.m.c.e.ApplicationEventPublisher - Publishing event: io.micronaut.context.event.ShutdownEvent[source=io.micronaut.context.DefaultApplicationContext@6c7cc16c]
12:04:07.915 [Test worker] DEBUG i.m.context.DefaultBeanContext - Resolving beans for type: <ShutdownEvent> io.micronaut.context.event.ApplicationEventListener 
12:04:07.915 [Test worker] TRACE i.m.context.DefaultBeanContext - Looking up existing beans for key: <ShutdownEvent> io.micronaut.context.event.ApplicationEventListener
12:04:07.915 [Test worker] TRACE i.m.context.DefaultBeanContext - No beans found for key: <ShutdownEvent> io.micronaut.context.event.ApplicationEventListener
12:04:07.915 [Test worker] TRACE i.m.i.q.TypeArgumentQualifier - Bean type interface io.micronaut.context.event.ApplicationEventListener is not compatible with candidate generic types [class io.micronaut.discovery.event.ServiceStartedEvent] of candidate Definition: io.micronaut.health.HeartbeatTask
12:04:07.915 [Test worker] TRACE i.m.context.DefaultBeanContext - Existing bean io.micronaut.health.HeartbeatTask@3204ae08 does not match qualifier <ShutdownEvent> for type io.micronaut.context.event.ApplicationEventListener
12:04:07.915 [Test worker] TRACE i.m.i.q.TypeArgumentQualifier - Bean type interface io.micronaut.context.event.ApplicationEventListener is not compatible with candidate generic types [class io.micronaut.discovery.event.ServiceStartedEvent] of candidate Definition: io.micronaut.health.HeartbeatTask
12:04:07.915 [Test worker] TRACE i.m.context.DefaultBeanContext - Existing bean io.micronaut.health.HeartbeatTask@3204ae08 does not match qualifier <ShutdownEvent> for type io.micronaut.context.event.ApplicationEventListener
12:04:07.916 [Test worker] DEBUG i.m.context.DefaultBeanContext - Qualifying bean [io.micronaut.context.event.ApplicationEventListener] from candidates [Definition: io.micronaut.http.client.scope.ClientScope, Definition: io.micronaut.health.HeartbeatTask, Definition: io.micronaut.runtime.context.scope.refresh.RefreshScope] for qualifier: <ShutdownEvent> 
12:04:07.916 [Test worker] TRACE i.m.i.q.TypeArgumentQualifier - Bean type interface io.micronaut.context.event.ApplicationEventListener is not compatible with candidate generic types [class io.micronaut.runtime.context.scope.refresh.RefreshEvent] of candidate Definition: io.micronaut.http.client.scope.ClientScope
12:04:07.916 [Test worker] TRACE i.m.i.q.TypeArgumentQualifier - Bean type interface io.micronaut.context.event.ApplicationEventListener is not compatible with candidate generic types [class io.micronaut.discovery.event.ServiceStartedEvent] of candidate Definition: io.micronaut.health.HeartbeatTask
12:04:07.916 [Test worker] TRACE i.m.i.q.TypeArgumentQualifier - Bean type interface io.micronaut.context.event.ApplicationEventListener is not compatible with candidate generic types [class io.micronaut.runtime.context.scope.refresh.RefreshEvent] of candidate Definition: io.micronaut.runtime.context.scope.refresh.RefreshScope
12:04:07.916 [Test worker] DEBUG i.m.context.DefaultBeanContext - Found no matching beans of type [io.micronaut.context.event.ApplicationEventListener] for qualifier: <ShutdownEvent> 
]]></system-out>
  <system-err><![CDATA[]]></system-err>
</testsuite>
